2016-01-22 17:03:13 Notice: Notice (8): Undefined variable: article in [C:\xampp\htdocs\bagpuntos\src\Template\Pages\contacto.ctp, line 44]
Trace:
Cake\Error\BaseErrorHandler::handleError() - CORE\src\Error\BaseErrorHandler.php, line 140
include - APP/Template\Pages\contacto.ctp, line 44
Cake\View\View::_evaluate() - CORE\src\View\View.php, line 992
Cake\View\View::_render() - CORE\src\View\View.php, line 952
Cake\View\View::render() - CORE\src\View\View.php, line 587
Cake\Controller\Controller::render() - CORE\src\Controller\Controller.php, line 611
App\Controller\PagesController::display() - APP/Controller\PagesController.php, line 57
Cake\Controller\Controller::invokeAction() - CORE\src\Controller\Controller.php, line 429
Cake\Routing\Dispatcher::_invoke() - CORE\src\Routing\Dispatcher.php, line 114
Cake\Routing\Dispatcher::dispatch() - CORE\src\Routing\Dispatcher.php, line 87
[main] - ROOT\webroot\index.php, line 37



2016-01-22 17:23:18 Notice: Notice (8): Undefined variable: article in [C:\xampp\htdocs\bagpuntos\src\Template\Pages\contacto.ctp, line 44]
Trace:
Cake\Error\BaseErrorHandler::handleError() - CORE\src\Error\BaseErrorHandler.php, line 140
include - APP/Template\Pages\contacto.ctp, line 44
Cake\View\View::_evaluate() - CORE\src\View\View.php, line 992
Cake\View\View::_render() - CORE\src\View\View.php, line 952
Cake\View\View::render() - CORE\src\View\View.php, line 587
Cake\Controller\Controller::render() - CORE\src\Controller\Controller.php, line 611
App\Controller\PagesController::display() - APP/Controller\PagesController.php, line 57
Cake\Controller\Controller::invokeAction() - CORE\src\Controller\Controller.php, line 429
Cake\Routing\Dispatcher::_invoke() - CORE\src\Routing\Dispatcher.php, line 114
Cake\Routing\Dispatcher::dispatch() - CORE\src\Routing\Dispatcher.php, line 87
[main] - ROOT\webroot\index.php, line 37



2016-02-04 21:53:31 Info: POST_INFO: {"rif":"123","fecha_f":"2000-02-02","numero_f":"123","monto_f":"123","confirm_f":"123"}
2016-02-04 22:01:32 Info: Service Named Invoked: Almacenando los datos del registro
2016-02-04 22:01:32 Info: GET_INFO: []
2016-02-04 22:01:32 Info: POST_INFO: []
2016-02-04 22:01:45 Info: Service Named Invoked: Almacenando los datos del registro
2016-02-04 22:01:45 Info: GET_INFO: []
2016-02-04 22:01:45 Info: POST_INFO: {"rif":"123","fecha_f":"","numero_f":"123","monto_f":"123","confirm_f":"123"}
2016-02-04 22:02:51 Info: Service Named Invoked: Almacenando los datos del registro
2016-02-04 22:02:51 Info: GET_INFO: []
2016-02-04 22:02:51 Info: POST_INFO: []
2016-02-04 22:03:22 Info: Service Named Invoked: Almacenando los datos del registro
2016-02-04 22:03:22 Info: GET_INFO: []
2016-02-04 22:03:22 Info: POST_INFO: {"rif":"123","fecha_f":"2016-02-03","numero_f":"123","monto_f":"123","confirm_f":"123"}
2016-02-04 22:04:11 Info: Service Named Invoked: Almacenando los datos del registro
2016-02-04 22:04:11 Info: GET_INFO: []
2016-02-04 22:04:11 Info: POST_INFO: []
2016-02-04 22:04:19 Info: Service Named Invoked: Almacenando los datos del registro
2016-02-04 22:04:19 Info: GET_INFO: []
2016-02-04 22:04:19 Info: POST_INFO: {"rif":"123","fecha_f":"2016-02-03","numero_f":"123","monto_f":"123","confirm_f":"123"}
2016-02-04 22:11:52 Info: Service Named Invoked: Almacenando los datos del registro
2016-02-04 22:11:52 Info: GET_INFO: []
2016-02-04 22:11:52 Info: POST_INFO: []
2016-02-04 22:12:04 Info: Service Named Invoked: Almacenando los datos del registro
2016-02-04 22:12:04 Info: GET_INFO: []
2016-02-04 22:12:04 Info: POST_INFO: {"rif":"123","fecha_f":"","numero_f":"","monto_f":"","confirm_f":""}
2016-02-04 22:12:51 Info: Service Named Invoked: Almacenando los datos del registro
2016-02-04 22:12:51 Info: GET_INFO: []
2016-02-04 22:12:51 Info: POST_INFO: []
2016-02-04 22:12:57 Info: Service Named Invoked: Almacenando los datos del registro
2016-02-04 22:12:57 Info: GET_INFO: []
2016-02-04 22:12:57 Info: POST_INFO: {"rif":"123","fecha_f":"","numero_f":"","monto_f":"","confirm_f":""}
2016-02-04 22:20:52 Info: Service Named Invoked: Almacenando los datos del registro
2016-02-04 22:20:52 Info: GET_INFO: []
2016-02-04 22:20:52 Info: POST_INFO: []
2016-02-04 22:20:57 Info: Service Named Invoked: Almacenando los datos del registro
2016-02-04 22:20:57 Info: GET_INFO: []
2016-02-04 22:20:57 Info: POST_INFO: {"rif":"1","fecha_f":"","numero_f":"","monto_f":"","confirm_f":""}
2016-02-04 22:21:34 Info: Service Named Invoked: Almacenando los datos del registro
2016-02-04 22:21:34 Info: GET_INFO: []
2016-02-04 22:21:34 Info: POST_INFO: {"rif":"1","fecha_f":"","numero_f":"","monto_f":"","confirm_f":""}
2016-02-04 22:26:04 Info: Service Named Invoked: Almacenando los datos del registro
2016-02-04 22:26:04 Info: GET_INFO: []
2016-02-04 22:26:04 Info: POST_INFO: []
2016-02-04 22:26:14 Info: Service Named Invoked: Almacenando los datos del registro
2016-02-04 22:26:14 Info: GET_INFO: []
2016-02-04 22:26:14 Info: POST_INFO: {"rif":"123","fecha_f":"","numero_f":"123","monto_f":"123","confirm_f":"123"}
2016-02-04 23:13:49 Info: Service Named Invoked: Almacenando los datos del registro
2016-02-04 23:13:49 Info: Service Named Invoked: Almacenando los datos del registro
2016-02-04 23:13:49 Info: Service Named Invoked: Almacenando los datos del registro
2016-02-04 23:13:49 Info: GET_INFO: []
2016-02-04 23:13:49 Info: GET_INFO: []
2016-02-04 23:13:49 Info: GET_INFO: []
2016-02-04 23:13:49 Info: POST_INFO: []
2016-02-04 23:13:49 Info: POST_INFO: {"rif":"123","fecha_f":"","numero_f":"123","monto_f":"123","confirm_f":"123"}
2016-02-04 23:13:49 Info: POST_INFO: []
2016-02-04 23:14:14 Info: Service Named Invoked: Almacenando los datos del registro
2016-02-04 23:14:14 Info: GET_INFO: []
2016-02-04 23:14:14 Info: POST_INFO: []
2016-02-04 23:14:31 Info: Service Named Invoked: Almacenando los datos del registro
2016-02-04 23:14:31 Info: GET_INFO: []
2016-02-04 23:14:31 Info: POST_INFO: {"rif":"123","fecha_f":"2016-02-03","numero_f":"123","monto_f":"123","confirm_f":"123"}
2016-02-04 23:42:31 Info: Service Named Invoked: Almacenando los datos del registro
2016-02-04 23:42:31 Info: GET_INFO: []
2016-02-04 23:42:31 Info: POST_INFO: []
2016-02-04 23:50:02 Info: Service Named Invoked: Almacenando los datos del registro
2016-02-04 23:50:02 Info: GET_INFO: []
2016-02-04 23:50:02 Info: POST_INFO: []
2016-02-04 23:51:07 Info: Service Named Invoked: Almacenando los datos del registro
2016-02-04 23:51:07 Info: GET_INFO: []
2016-02-04 23:51:07 Info: POST_INFO: []
2016-02-04 23:51:15 Info: Service Named Invoked: Almacenando los datos del registro
2016-02-04 23:51:15 Info: GET_INFO: []
2016-02-04 23:51:15 Info: POST_INFO: {"email":"","pass":""}
2016-02-04 23:51:53 Info: Service Named Invoked: Almacenando los datos del registro
2016-02-04 23:51:53 Info: GET_INFO: []
2016-02-04 23:51:53 Info: POST_INFO: []
2016-02-04 23:52:01 Info: Service Named Invoked: Almacenando los datos del registro
2016-02-04 23:52:01 Info: GET_INFO: []
2016-02-04 23:52:01 Info: POST_INFO: {"email":"","pass":""}
2016-02-05 01:59:52 Info: Service Named Invoked: Almacenando los datos del registro
2016-02-05 01:59:52 Info: GET_INFO: []
2016-02-05 01:59:52 Info: POST_INFO: []
2016-02-05 15:20:32 Info: Service Named Invoked: Almacenando los datos del registro
2016-02-05 15:20:32 Info: GET_INFO: []
2016-02-05 15:20:32 Info: POST_INFO: []
2016-02-05 15:20:51 Info: Service Named Invoked: Almacenando los datos del registro
2016-02-05 15:20:51 Info: GET_INFO: []
2016-02-05 15:20:51 Info: POST_INFO: {"rif":"","fecha_f":"","numero_f":"","monto_f":"","confirm_f":""}
2016-02-05 19:58:29 Info: Service Named Invoked: Almacenando los datos del registro
2016-02-05 19:58:29 Info: GET_INFO: []
2016-02-05 19:58:29 Info: POST_INFO: []
2016-02-05 20:02:58 Info: Service Named Invoked: Almacenando los datos del registro
2016-02-05 20:02:58 Info: GET_INFO: []
2016-02-05 20:02:58 Info: POST_INFO: []
2016-02-05 20:03:04 Info: Service Named Invoked: Almacenando los datos del registro
2016-02-05 20:03:04 Info: GET_INFO: []
2016-02-05 20:03:04 Info: POST_INFO: {"nombre":"","fullname":"","fecha_n":"","email":"","password":"","confirm_pass":""}
2016-02-05 20:03:47 Info: Service Named Invoked: Almacenando los datos del registro
2016-02-05 20:03:47 Info: GET_INFO: []
2016-02-05 20:03:47 Info: POST_INFO: []
2016-02-05 20:03:57 Info: Service Named Invoked: Almacenando los datos del registro
2016-02-05 20:03:57 Info: GET_INFO: []
2016-02-05 20:03:57 Info: POST_INFO: []
2016-02-05 20:04:20 Info: Service Named Invoked: Almacenando los datos del registro
2016-02-05 20:04:20 Info: GET_INFO: []
2016-02-05 20:04:20 Info: POST_INFO: []
2016-02-05 20:05:01 Info: Service Named Invoked: Almacenando los datos del registro
2016-02-05 20:05:01 Info: GET_INFO: []
2016-02-05 20:05:01 Info: POST_INFO: []
2016-02-05 20:05:10 Info: Service Named Invoked: Almacenando los datos del registro
2016-02-05 20:05:10 Info: GET_INFO: []
2016-02-05 20:05:10 Info: POST_INFO: {"nombre":"","fullname":"","fecha_n":"","email":"","password":"","confirm_pass":""}
2016-02-05 20:06:42 Info: Service Named Invoked: Almacenando los datos del registro
2016-02-05 20:06:42 Info: GET_INFO: []
2016-02-05 20:06:42 Info: POST_INFO: []
2016-02-05 20:07:29 Info: Service Named Invoked: Almacenando los datos del registro
2016-02-05 20:07:29 Info: GET_INFO: []
2016-02-05 20:07:29 Info: POST_INFO: {"nombre":"gabriel","fullname":"carrillo","fecha_n":"02022000","email":"gabo3cr@gmail.com","password":"asdasdasd","confirm_pass":"asdasdas","terminos":"on"}
2016-02-05 20:07:29 Info: Service Named Invoked: Almacenando los datos del registro
2016-02-05 20:07:29 Info: GET_INFO: []
2016-02-05 20:07:29 Info: POST_INFO: {"nombre":"gabriel","fullname":"carrillo","fecha_n":"02022000","email":"gabo3cr@gmail.com","password":"asdasdasd","confirm_pass":"asdasdas","terminos":"on"}
2016-02-05 20:07:34 Info: Service Named Invoked: Almacenando los datos del registro
2016-02-05 20:07:34 Info: GET_INFO: []
2016-02-05 20:07:34 Info: POST_INFO: {"nombre":"gabriel","fullname":"carrillo","fecha_n":"02022000","email":"gabo3cr@gmail.com","password":"asdasdasd","confirm_pass":"asdasdas","terminos":"on"}
2016-02-05 20:07:34 Info: Service Named Invoked: Almacenando los datos del registro
2016-02-05 20:07:34 Info: GET_INFO: []
2016-02-05 20:07:34 Info: POST_INFO: {"nombre":"gabriel","fullname":"carrillo","fecha_n":"02022000","email":"gabo3cr@gmail.com","password":"asdasdasd","confirm_pass":"asdasdas","terminos":"on"}
2016-02-05 20:08:56 Info: Service Named Invoked: Almacenando los datos del registro
2016-02-05 20:08:56 Info: GET_INFO: []
2016-02-05 20:08:56 Info: POST_INFO: []
2016-02-05 20:09:15 Info: Service Named Invoked: Almacenando los datos del registro
2016-02-05 20:09:15 Info: GET_INFO: []
2016-02-05 20:09:15 Info: POST_INFO: {"nombre":"gabo","fullname":"carrillo","fecha_n":"1987-3-3","email":"gabo3cr@gmail.com","password":"12345678","confirm_pass":"12345677"}
2016-02-05 20:09:15 Info: Service Named Invoked: Almacenando los datos del registro
2016-02-05 20:09:15 Info: GET_INFO: []
2016-02-05 20:09:15 Info: POST_INFO: {"nombre":"gabo","fullname":"carrillo","fecha_n":"1987-3-3","email":"gabo3cr@gmail.com","password":"12345678","confirm_pass":"12345677"}
2016-02-05 20:09:19 Info: Service Named Invoked: Almacenando los datos del registro
2016-02-05 20:09:19 Info: GET_INFO: []
2016-02-05 20:09:19 Info: POST_INFO: {"nombre":"gabo","fullname":"carrillo","fecha_n":"1987-3-3","email":"gabo3cr@gmail.com","password":"12345678","confirm_pass":"12345677","terminos":"on"}
2016-02-05 20:09:19 Info: Service Named Invoked: Almacenando los datos del registro
2016-02-05 20:09:19 Info: GET_INFO: []
2016-02-05 20:09:20 Info: POST_INFO: {"nombre":"gabo","fullname":"carrillo","fecha_n":"1987-3-3","email":"gabo3cr@gmail.com","password":"12345678","confirm_pass":"12345677","terminos":"on"}
2016-02-05 20:09:20 Info: Service Named Invoked: Almacenando los datos del registro
2016-02-05 20:09:20 Info: GET_INFO: []
2016-02-05 20:09:20 Info: POST_INFO: {"nombre":"gabo","fullname":"carrillo","fecha_n":"1987-3-3","email":"gabo3cr@gmail.com","password":"12345678","confirm_pass":"12345677","terminos":"on"}
2016-02-05 20:09:21 Info: Service Named Invoked: Almacenando los datos del registro
2016-02-05 20:09:21 Info: GET_INFO: []
2016-02-05 20:09:21 Info: POST_INFO: {"nombre":"gabo","fullname":"carrillo","fecha_n":"1987-3-3","email":"gabo3cr@gmail.com","password":"12345678","confirm_pass":"12345677","terminos":"on"}
2016-02-05 20:09:22 Info: Service Named Invoked: Almacenando los datos del registro
2016-02-05 20:09:22 Info: GET_INFO: []
2016-02-05 20:09:22 Info: POST_INFO: {"nombre":"gabo","fullname":"carrillo","fecha_n":"1987-3-3","email":"gabo3cr@gmail.com","password":"12345678","confirm_pass":"12345677","terminos":"on"}
2016-02-05 20:09:23 Info: Service Named Invoked: Almacenando los datos del registro
2016-02-05 20:09:23 Info: GET_INFO: []
2016-02-05 20:09:23 Info: POST_INFO: {"nombre":"gabo","fullname":"carrillo","fecha_n":"1987-3-3","email":"gabo3cr@gmail.com","password":"12345678","confirm_pass":"12345677","terminos":"on"}
2016-02-05 20:09:25 Info: Service Named Invoked: Almacenando los datos del registro
2016-02-05 20:09:25 Info: GET_INFO: []
2016-02-05 20:09:25 Info: POST_INFO: {"nombre":"gabo","fullname":"carrillo","fecha_n":"1987-3-3","email":"gabo3cr@gmail.com","password":"12345678","confirm_pass":"12345677","terminos":"on"}
2016-02-05 20:09:26 Info: Service Named Invoked: Almacenando los datos del registro
2016-02-05 20:09:26 Info: GET_INFO: []
2016-02-05 20:09:26 Info: POST_INFO: {"nombre":"gabo","fullname":"carrillo","fecha_n":"1987-3-3","email":"gabo3cr@gmail.com","password":"12345678","confirm_pass":"12345677","terminos":"on"}
2016-02-05 20:09:28 Info: Service Named Invoked: Almacenando los datos del registro
2016-02-05 20:09:28 Info: GET_INFO: []
2016-02-05 20:09:28 Info: POST_INFO: {"nombre":"gabo","fullname":"carrillo","fecha_n":"1987-3-3","email":"gabo3cr@gmail.com","password":"12345678","confirm_pass":"12345677","terminos":"on"}
2016-02-05 20:09:28 Info: Service Named Invoked: Almacenando los datos del registro
2016-02-05 20:09:28 Info: GET_INFO: []
2016-02-05 20:09:28 Info: POST_INFO: {"nombre":"gabo","fullname":"carrillo","fecha_n":"1987-3-3","email":"gabo3cr@gmail.com","password":"12345678","confirm_pass":"12345677","terminos":"on"}
2016-02-05 20:09:29 Info: Service Named Invoked: Almacenando los datos del registro
2016-02-05 20:09:29 Info: GET_INFO: []
2016-02-05 20:09:29 Info: POST_INFO: {"nombre":"gabo","fullname":"carrillo","fecha_n":"1987-3-3","email":"gabo3cr@gmail.com","password":"12345678","confirm_pass":"12345677","terminos":"on"}
2016-02-05 20:09:32 Info: Service Named Invoked: Almacenando los datos del registro
2016-02-05 20:09:32 Info: GET_INFO: []
2016-02-05 20:09:32 Info: POST_INFO: {"nombre":"gabo","fullname":"carrillo","fecha_n":"1987-3-3","email":"gabo3cr@gmail.com","password":"12345678","confirm_pass":"12345677","terminos":"on"}
2016-02-05 20:09:32 Info: Service Named Invoked: Almacenando los datos del registro
2016-02-05 20:09:32 Info: GET_INFO: []
2016-02-05 20:09:32 Info: POST_INFO: {"nombre":"gabo","fullname":"carrillo","fecha_n":"1987-3-3","email":"gabo3cr@gmail.com","password":"12345678","confirm_pass":"12345677","terminos":"on"}
2016-02-05 20:09:34 Info: Service Named Invoked: Almacenando los datos del registro
2016-02-05 20:09:34 Info: GET_INFO: []
2016-02-05 20:09:34 Info: POST_INFO: {"nombre":"gabo","fullname":"carrillo","fecha_n":"1987-3-3","email":"gabo3cr@gmail.com","password":"12345678","confirm_pass":"12345677","terminos":"on"}
2016-02-05 20:09:35 Info: Service Named Invoked: Almacenando los datos del registro
2016-02-05 20:09:35 Info: GET_INFO: []
2016-02-05 20:09:35 Info: POST_INFO: {"nombre":"gabo","fullname":"carrillo","fecha_n":"1987-3-3","email":"gabo3cr@gmail.com","password":"12345678","confirm_pass":"12345677","terminos":"on"}
2016-02-05 20:09:36 Info: Service Named Invoked: Almacenando los datos del registro
2016-02-05 20:09:36 Info: GET_INFO: []
2016-02-05 20:09:36 Info: POST_INFO: {"nombre":"gabo","fullname":"carrillo","fecha_n":"1987-3-3","email":"gabo3cr@gmail.com","password":"12345678","confirm_pass":"12345677","terminos":"on"}
2016-02-05 20:10:36 Info: Service Named Invoked: Almacenando los datos del registro
2016-02-05 20:10:36 Info: GET_INFO: []
2016-02-05 20:10:36 Info: POST_INFO: []
2016-02-05 20:11:16 Info: Service Named Invoked: Almacenando los datos del registro
2016-02-05 20:11:16 Info: GET_INFO: []
2016-02-05 20:11:16 Info: POST_INFO: {"nombre":"gabo","fullname":"carrillo","fecha_n":"02022000","email":"gabo3cr@gmail.com","password":"1234567890","confirm_pass":"1234567890","terminos":"on"}
2016-02-05 20:11:16 Info: Service Named Invoked: Almacenando los datos del registro
2016-02-05 20:11:16 Info: GET_INFO: []
2016-02-05 20:11:16 Info: POST_INFO: {"nombre":"gabo","fullname":"carrillo","fecha_n":"02022000","email":"gabo3cr@gmail.com","password":"1234567890","confirm_pass":"1234567890","terminos":"on"}
2016-02-05 20:11:20 Info: Service Named Invoked: Almacenando los datos del registro
2016-02-05 20:11:20 Info: GET_INFO: []
2016-02-05 20:11:20 Info: POST_INFO: {"nombre":"gabo","fullname":"carrillo","fecha_n":"02022000","email":"gabo3cr@gmail.com","password":"1234567890","confirm_pass":"1234567890","terminos":"on"}
2016-02-05 20:11:20 Info: Service Named Invoked: Almacenando los datos del registro
2016-02-05 20:11:20 Info: GET_INFO: []
2016-02-05 20:11:20 Info: Service Named Invoked: Almacenando los datos del registro
2016-02-05 20:11:20 Info: GET_INFO: []
2016-02-05 20:11:20 Info: POST_INFO: {"nombre":"gabo","fullname":"carrillo","fecha_n":"02022000","email":"gabo3cr@gmail.com","password":"1234567890","confirm_pass":"1234567890","terminos":"on"}
2016-02-05 20:11:22 Info: Service Named Invoked: Almacenando los datos del registro
2016-02-05 20:11:22 Info: GET_INFO: []
2016-02-05 20:11:22 Info: POST_INFO: {"nombre":"gabo","fullname":"carrillo","fecha_n":"02022000","email":"gabo3cr@gmail.com","password":"1234567890","confirm_pass":"1234567890","terminos":"on"}
2016-02-05 20:11:23 Info: Service Named Invoked: Almacenando los datos del registro
2016-02-05 20:11:23 Info: GET_INFO: []
2016-02-05 20:11:23 Info: POST_INFO: {"nombre":"gabo","fullname":"carrillo","fecha_n":"02022000","email":"gabo3cr@gmail.com","password":"1234567890","confirm_pass":"1234567890","terminos":"on"}
2016-02-05 20:11:25 Info: Service Named Invoked: Almacenando los datos del registro
2016-02-05 20:11:25 Info: GET_INFO: []
2016-02-05 20:11:25 Info: POST_INFO: {"nombre":"gabo","fullname":"carrillo","fecha_n":"02022000","email":"gabo3cr@gmail.com","password":"1234567890","confirm_pass":"1234567890","terminos":"on"}
2016-02-05 20:11:26 Info: Service Named Invoked: Almacenando los datos del registro
2016-02-05 20:11:26 Info: GET_INFO: []
2016-02-05 20:11:26 Info: POST_INFO: {"nombre":"gabo","fullname":"carrillo","fecha_n":"02022000","email":"gabo3cr@gmail.com","password":"1234567890","confirm_pass":"1234567890","terminos":"on"}
2016-02-05 20:11:27 Info: Service Named Invoked: Almacenando los datos del registro
2016-02-05 20:11:27 Info: GET_INFO: []
2016-02-05 20:11:28 Info: POST_INFO: {"nombre":"gabo","fullname":"carrillo","fecha_n":"02022000","email":"gabo3cr@gmail.com","password":"1234567890","confirm_pass":"1234567890","terminos":"on"}
2016-02-05 20:11:51 Info: Service Named Invoked: Almacenando los datos del registro
2016-02-05 20:11:51 Info: GET_INFO: []
2016-02-05 20:11:51 Info: POST_INFO: []
2016-02-05 20:12:19 Info: Service Named Invoked: Almacenando los datos del registro
2016-02-05 20:12:19 Info: GET_INFO: []
2016-02-05 20:12:19 Info: POST_INFO: {"nombre":"gabo","fullname":"carrillo","fecha_n":"1987-3-3","email":"gabo3cr@gmail.com","password":"123456789","confirm_pass":"123456778","terminos":"on"}
2016-02-05 20:12:19 Info: Service Named Invoked: Almacenando los datos del registro
2016-02-05 20:12:19 Info: GET_INFO: []
2016-02-05 20:12:19 Info: POST_INFO: {"nombre":"gabo","fullname":"carrillo","fecha_n":"1987-3-3","email":"gabo3cr@gmail.com","password":"123456789","confirm_pass":"123456778","terminos":"on"}
2016-02-05 20:13:27 Info: Service Named Invoked: Almacenando los datos del registro
2016-02-05 20:13:27 Info: GET_INFO: []
2016-02-05 20:13:27 Info: POST_INFO: []
2016-02-09 15:30:39 Info: Service Named Invoked: Almacenando los datos del registro
2016-02-09 15:30:39 Info: GET_INFO: []
2016-02-09 15:30:39 Info: POST_INFO: []
2016-02-09 15:30:42 Info: Service Named Invoked: Almacenando los datos del registro
2016-02-09 15:30:42 Info: GET_INFO: []
2016-02-09 15:30:42 Info: POST_INFO: []
